# JRE version: Java(TM) SE Runtime Environment (8.0_40-b27) (build 1.8.0_40-b27)
# Java VM: Java HotSpot(TM) 64-Bit Server VM (25.40-b25 mixed mode bsd-amd64 compressed oops)
Heap:
 PSYoungGen      total 282624K, used 156907K [0x0000000795580000, 0x00000007ad380000, 0x00000007c0000000)
  eden space 259584K, 52% used [0x0000000795580000,0x000000079da97398,0x00000007a5300000)
  from space 23040K, 89% used [0x00000007a6c00000,0x00000007a8023928,0x00000007a8280000)
  to   space 25600K, 0% used [0x00000007a5300000,0x00000007a5300000,0x00000007a6c00000)
 ParOldGen       total 132096K, used 35851K [0x0000000740000000, 0x0000000748100000, 0x0000000795580000)
  object space 132096K, 27% used [0x0000000740000000,0x0000000742302c00,0x0000000748100000)
 Metaspace       used 51327K, capacity 52302K, committed 52480K, reserved 1095680K
  class space    used 6332K, capacity 6562K, committed 6656K, reserved 1048576K
GC Heap History (10 events):
Event: 3.166 GC heap before
{Heap before GC invocations=6 (full 1):
 PSYoungGen      total 138240K, used 5118K [0x0000000795580000, 0x00000007a7280000, 0x00000007c0000000)
  eden space 133120K, 0% used [0x0000000795580000,0x0000000795580000,0x000000079d780000)
  from space 5120K, 99% used [0x000000079d780000,0x000000079dc7f880,0x000000079dc80000)
  to   space 12800K, 0% used [0x00000007a6600000,0x00000007a6600000,0x00000007a7280000)
 ParOldGen       total 87552K, used 16525K [0x0000000740000000, 0x0000000745580000, 0x0000000795580000)
  object space 87552K, 18% used [0x0000000740000000,0x0000000741023510,0x0000000745580000)
 Metaspace       used 20727K, capacity 21150K, committed 21296K, reserved 1069056K
  class space    used 2516K, capacity 2643K, committed 2688K, reserved 1048576K
Event: 3.279 GC heap after
Heap after GC invocations=6 (full 1):
 PSYoungGen      total 138240K, used 0K [0x0000000795580000, 0x00000007a7280000, 0x00000007c0000000)
  eden space 133120K, 0% used [0x0000000795580000,0x0000000795580000,0x000000079d780000)
  from space 5120K, 0% used [0x000000079d780000,0x000000079d780000,0x000000079dc80000)
  to   space 12800K, 0% used [0x00000007a6600000,0x00000007a6600000,0x00000007a7280000)
 ParOldGen       total 78336K, used 16690K [0x0000000740000000, 0x0000000744c80000, 0x0000000795580000)
  object space 78336K, 21% used [0x0000000740000000,0x000000074104c830,0x0000000744c80000)
 Metaspace       used 20727K, capacity 21150K, committed 21296K, reserved 1069056K
  class space    used 2516K, capacity 2643K, committed 2688K, reserved 1048576K
}
Event: 5.145 GC heap before
{Heap before GC invocations=7 (full 1):
 PSYoungGen      total 138240K, used 133120K [0x0000000795580000, 0x00000007a7280000, 0x00000007c0000000)
  eden space 133120K, 100% used [0x0000000795580000,0x000000079d780000,0x000000079d780000)
  from space 5120K, 0% used [0x000000079d780000,0x000000079d780000,0x000000079dc80000)
  to   space 12800K, 0% used [0x00000007a6600000,0x00000007a6600000,0x00000007a7280000)
 ParOldGen       total 78336K, used 16690K [0x0000000740000000, 0x0000000744c80000, 0x0000000795580000)
  object space 78336K, 21% used [0x0000000740000000,0x000000074104c830,0x0000000744c80000)
 Metaspace       used 28497K, capacity 29194K, committed 29568K, reserved 1075200K
  class space    used 3494K, capacity 3635K, committed 3712K, reserved 1048576K
Event: 5.172 GC heap after
Heap after GC invocations=7 (full 1):
 PSYoungGen      total 195072K, used 12796K [0x0000000795580000, 0x00000007a7280000, 0x00000007c0000000)
  eden space 182272K, 0% used [0x0000000795580000,0x0000000795580000,0x00000007a0780000)
  from space 12800K, 99% used [0x00000007a6600000,0x00000007a727f0e8,0x00000007a7280000)
  to   space 17920K, 0% used [0x00000007a4f80000,0x00000007a4f80000,0x00000007a6100000)
 ParOldGen       total 78336K, used 22511K [0x0000000740000000, 0x0000000744c80000, 0x0000000795580000)
  object space 78336K, 28% used [0x0000000740000000,0x00000007415fbdb0,0x0000000744c80000)
 Metaspace       used 28497K, capacity 29194K, committed 29568K, reserved 1075200K
  class space    used 3494K, capacity 3635K, committed 3712K, reserved 1048576K
}
Event: 5.681 GC heap before
{Heap before GC invocations=8 (full 1):
 PSYoungGen      total 195072K, used 60024K [0x0000000795580000, 0x00000007a7280000, 0x00000007c0000000)
  eden space 182272K, 25% used [0x0000000795580000,0x000000079839ef28,0x00000007a0780000)
  from space 12800K, 99% used [0x00000007a6600000,0x00000007a727f0e8,0x00000007a7280000)
  to   space 17920K, 0% used [0x00000007a4f80000,0x00000007a4f80000,0x00000007a6100000)
 ParOldGen       total 78336K, used 22511K [0x0000000740000000, 0x0000000744c80000, 0x0000000795580000)
  object space 78336K, 28% used [0x0000000740000000,0x00000007415fbdb0,0x0000000744c80000)
 Metaspace       used 34570K, capacity 35278K, committed 35456K, reserved 1081344K
  class space    used 4250K, capacity 4425K, committed 4480K, reserved 1048576K
Event: 5.706 GC heap after
Heap after GC invocations=8 (full 1):
 PSYoungGen      total 273920K, used 17917K [0x0000000795580000, 0x00000007a8280000, 0x00000007c0000000)
  eden space 256000K, 0% used [0x0000000795580000,0x0000000795580000,0x00000007a4f80000)
  from space 17920K, 99% used [0x00000007a4f80000,0x00000007a60ff5b0,0x00000007a6100000)
  to   space 23040K, 0% used [0x00000007a6c00000,0x00000007a6c00000,0x00000007a8280000)
 ParOldGen       total 78336K, used 27046K [0x0000000740000000, 0x0000000744c80000, 0x0000000795580000)
  object space 78336K, 34% used [0x0000000740000000,0x0000000741a69bb0,0x0000000744c80000)
 Metaspace       used 34570K, capacity 35278K, committed 35456K, reserved 1081344K
  class space    used 4250K, capacity 4425K, committed 4480K, reserved 1048576K
}
Event: 5.706 GC heap before
{Heap before GC invocations=9 (full 2):
 PSYoungGen      total 273920K, used 17917K [0x0000000795580000, 0x00000007a8280000, 0x00000007c0000000)
  eden space 256000K, 0% used [0x0000000795580000,0x0000000795580000,0x00000007a4f80000)
  from space 17920K, 99% used [0x00000007a4f80000,0x00000007a60ff5b0,0x00000007a6100000)
  to   space 23040K, 0% used [0x00000007a6c00000,0x00000007a6c00000,0x00000007a8280000)
 ParOldGen       total 78336K, used 27046K [0x0000000740000000, 0x0000000744c80000, 0x0000000795580000)
  object space 78336K, 34% used [0x0000000740000000,0x0000000741a69bb0,0x0000000744c80000)
 Metaspace       used 34570K, capacity 35278K, committed 35456K, reserved 1081344K
  class space    used 4250K, capacity 4425K, committed 4480K, reserved 1048576K
Event: 5.853 GC heap after
Heap after GC invocations=9 (full 2):
 PSYoungGen      total 273920K, used 0K [0x0000000795580000, 0x00000007a8280000, 0x00000007c0000000)
  eden space 256000K, 0% used [0x0000000795580000,0x0000000795580000,0x00000007a4f80000)
  from space 17920K, 0% used [0x00000007a4f80000,0x00000007a4f80000,0x00000007a6100000)
  to   space 23040K, 0% used [0x00000007a6c00000,0x00000007a6c00000,0x00000007a8280000)
 ParOldGen       total 132096K, used 35843K [0x0000000740000000, 0x0000000748100000, 0x0000000795580000)
  object space 132096K, 27% used [0x0000000740000000,0x0000000742300c00,0x0000000748100000)
 Metaspace       used 34570K, capacity 35278K, committed 35456K, reserved 1081344K
  class space    used 4250K, capacity 4425K, committed 4480K, reserved 1048576K
}
Event: 9.365 GC heap before
{Heap before GC invocations=10 (full 2):
 PSYoungGen      total 273920K, used 256000K [0x0000000795580000, 0x00000007a8280000, 0x00000007c0000000)
  eden space 256000K, 100% used [0x0000000795580000,0x00000007a4f80000,0x00000007a4f80000)
  from space 17920K, 0% used [0x00000007a4f80000,0x00000007a4f80000,0x00000007a6100000)
  to   space 23040K, 0% used [0x00000007a6c00000,0x00000007a6c00000,0x00000007a8280000)
 ParOldGen       total 132096K, used 35843K [0x0000000740000000, 0x0000000748100000, 0x0000000795580000)
  object space 132096K, 27% used [0x0000000740000000,0x0000000742300c00,0x0000000748100000)
 Metaspace       used 47610K, capacity 48424K, committed 48896K, reserved 1091584K
  class space    used 5870K, capacity 6073K, committed 6144K, reserved 1048576K
Event: 9.398 GC heap after
Heap after GC invocations=10 (full 2):
 PSYoungGen      total 282624K, used 20622K [0x0000000795580000, 0x00000007ad380000, 0x00000007c0000000)
  eden space 259584K, 0% used [0x0000000795580000,0x0000000795580000,0x00000007a5300000)
  from space 23040K, 89% used [0x00000007a6c00000,0x00000007a8023928,0x00000007a8280000)
  to   space 25600K, 0% used [0x00000007a5300000,0x00000007a5300000,0x00000007a6c00000)
 ParOldGen       total 132096K, used 35851K [0x0000000740000000, 0x0000000748100000, 0x0000000795580000)
  object space 132096K, 27% used [0x0000000740000000,0x0000000742302c00,0x0000000748100000)
 Metaspace       used 47610K, capacity 48424K, committed 48896K, reserved 1091584K
  class space    used 5870K, capacity 6073K, committed 6144K, reserved 1048576K
}

